2019-09-12 02:08:29,515 INFO (StartupInfoLogger.java:50)- Starting StartApplication on LAPTOP-3T1KAHIQ with PID 18064 (started by 华为 in D:\Software\Development Tools\Workspaces\Idea\certSign-service)
2019-09-12 02:08:29,518 INFO (SpringApplication.java:675)- No active profile set, falling back to default profiles: default
2019-09-12 02:08:29,659 INFO (DeferredLog.java:227)- Devtools property defaults active! Set 'spring.devtools.add-properties' to 'false' to disable
2019-09-12 02:08:29,660 INFO (DeferredLog.java:227)- For additional web related logging consider setting the 'logging.level.web' property to 'DEBUG'
2019-09-12 02:08:31,120 INFO (TomcatWebServer.java:90)- Tomcat initialized with port(s): 8085 (http)
2019-09-12 02:08:31,132 INFO (DirectJDKLog.java:173)- Initializing ProtocolHandler ["http-nio-8085"]
2019-09-12 02:08:31,141 INFO (DirectJDKLog.java:173)- Starting service [Tomcat]
2019-09-12 02:08:31,142 INFO (DirectJDKLog.java:173)- Starting Servlet Engine: Apache Tomcat/9.0.13
2019-09-12 02:08:31,148 INFO (DirectJDKLog.java:173)- The APR based Apache Tomcat Native library which allows optimal performance in production environments was not found on the java.library.path: [C:\Java\jdk1.8.0_211\bin;C:\WINDOWS\Sun\Java\bin;C:\WINDOWS\system32;C:\WINDOWS;C:\Java\jdk1.8.0_211\bin;D:\Software\Database\Oracle\app\product\11.2.0\dbhome_1\bin;C:\Program Files (x86)\Common Files\Oracle\Java\javapath;C:\WINDOWS\system32;C:\WINDOWS;C:\WINDOWS\System32\Wbem;C:\WINDOWS\System32\WindowsPowerShell\v1.0\;C:\WINDOWS\System32\OpenSSH\;C:\Program Files\Intel\WiFi\bin\;C:\Program Files\Common Files\Intel\WirelessCommon\;C:\Java\jdk1.8.0_211\jre\bin;D:\Software\Project Management Tools\Maven\Maven3.5.0\bin;C:\Program Files\TortoiseSVN\bin;D:\Software\Project Management Tools\Git\cmd;D:\Software\Node\;D:\Software\Database\MongoDB\bin;C:\Users\华为\AppData\Local\Microsoft\WindowsApps;C:\Users\华为\AppData\Local\GitHubDesktop\bin;C:\Users\华为\AppData\Roaming\npm;D:\Software\Development Tools\VScode\Microsoft VS Code\bin;.]
2019-09-12 02:08:31,238 INFO (DirectJDKLog.java:173)- Initializing Spring embedded WebApplicationContext
2019-09-12 02:08:31,238 INFO (ServletWebServerApplicationContext.java:296)- Root WebApplicationContext: initialization completed in 1578 ms
2019-09-12 02:08:31,696 INFO (ExecutorConfigurationSupport.java:171)- Initializing ExecutorService 'applicationTaskExecutor'
2019-09-12 02:08:31,985 INFO (OptionalLiveReloadServer.java:57)- LiveReload server is running on port 35729
2019-09-12 02:08:32,025 INFO (DirectJDKLog.java:173)- Starting ProtocolHandler ["http-nio-8085"]
2019-09-12 02:08:32,038 INFO (DirectJDKLog.java:173)- Using a shared selector for servlet write/read
2019-09-12 02:08:32,062 INFO (TomcatWebServer.java:204)- Tomcat started on port(s): 8085 (http) with context path '/certSign'
2019-09-12 02:08:32,068 INFO (StartupInfoLogger.java:59)- Started StartApplication in 3.039 seconds (JVM running for 4.54)
2019-09-12 02:08:42,624 INFO (DirectJDKLog.java:173)- Initializing Spring DispatcherServlet 'dispatcherServlet'
2019-09-12 02:08:42,625 INFO (FrameworkServlet.java:524)- Initializing Servlet 'dispatcherServlet'
2019-09-12 02:08:42,638 INFO (FrameworkServlet.java:546)- Completed initialization in 13 ms
2019-09-12 02:08:42,720 INFO (XinjiangCAController.java:98)- image/png
2019-09-12 02:08:42,721 INFO (XinjiangCAController.java:114)- 参数验证通过
2019-09-12 02:08:42,721 INFO (XinjiangCAServiceImpl.java:286)- **************************调用ReEnterpriseWebService接口开始*******************
2019-09-12 02:08:42,731 INFO (XinjiangCAServiceImpl.java:301)- authBaseUri:https://xjcasite:1449/services/PDFSign/ReEntData/
2019-09-12 02:08:42,732 INFO (XinjiangCAServiceImpl.java:302)- token:9e477b99-f958-4688-2fc6-ccf670861265
2019-09-12 02:08:42,732 INFO (XinjiangCAServiceImpl.java:303)- certCN信息:12877592704008267040728012710
2019-09-12 02:08:45,385 INFO (XinjiangCAServiceImpl.java:331)- {'SUCCESS':'FALSE','REASON':'已存在的企业证书信息','BASEDATA':''}
2019-09-12 02:08:45,452 INFO (XinjiangCAServiceImpl.java:335)- 企业注册失败，原因如下:
2019-09-12 02:08:45,453 INFO (XinjiangCAServiceImpl.java:336)- 已存在的企业证书信息
